2024-02-04 16:59:32,935 INFO o.a.j.u.JMeterUtils: Setting Locale to en_EN
2024-02-04 16:59:32,973 INFO o.a.j.JMeter: Loading user properties from: C:\Program Files\JMeter\bin\user.properties
2024-02-04 16:59:32,975 INFO o.a.j.JMeter: Loading system properties from: C:\Program Files\JMeter\bin\system.properties
2024-02-04 16:59:32,987 INFO o.a.j.JMeter: Copyright (c) 1998-2021 The Apache Software Foundation
2024-02-04 16:59:32,987 INFO o.a.j.JMeter: Version 5.4.3
2024-02-04 16:59:32,987 INFO o.a.j.JMeter: java.version=20
2024-02-04 16:59:32,987 INFO o.a.j.JMeter: java.vm.name=Java HotSpot(TM) 64-Bit Server VM
2024-02-04 16:59:32,987 INFO o.a.j.JMeter: os.name=Windows 10
2024-02-04 16:59:32,988 INFO o.a.j.JMeter: os.arch=amd64
2024-02-04 16:59:32,988 INFO o.a.j.JMeter: os.version=10.0
2024-02-04 16:59:32,988 INFO o.a.j.JMeter: file.encoding=UTF-8
2024-02-04 16:59:32,988 INFO o.a.j.JMeter: java.awt.headless=true
2024-02-04 16:59:32,988 INFO o.a.j.JMeter: Max memory     =1073741824
2024-02-04 16:59:32,988 INFO o.a.j.JMeter: Available Processors =4
2024-02-04 16:59:32,992 INFO o.a.j.JMeter: Default Locale=English (EN)
2024-02-04 16:59:32,992 INFO o.a.j.JMeter: JMeter  Locale=English (EN)
2024-02-04 16:59:32,992 INFO o.a.j.JMeter: JMeterHome=C:\Program Files\JMeter
2024-02-04 16:59:32,992 INFO o.a.j.JMeter: user.dir  =C:\Users\sandeep\Desktop\JMeterFiles
2024-02-04 16:59:32,992 INFO o.a.j.JMeter: PWD       =C:\Users\sandeep\Desktop\JMeterFiles
2024-02-04 16:59:37,531 INFO o.a.j.JMeter: IP: 192.168.56.1 Name: LAPTOP-PIE37DUR FullName: LAPTOP-PIE37DUR
2024-02-04 16:59:37,543 INFO o.a.j.s.FileServer: Default base='C:\Users\sandeep\Desktop\JMeterFiles'
2024-02-04 16:59:37,543 INFO o.a.j.s.FileServer: Set new base='C:\Users\sandeep\Desktop\JMeterFiles'
2024-02-04 16:59:37,875 INFO o.a.j.s.SaveService: Testplan (JMX) version: 2.2. Testlog (JTL) version: 2.2
2024-02-04 16:59:37,923 INFO o.a.j.s.SaveService: Using SaveService properties version 5.0
2024-02-04 16:59:37,936 INFO o.a.j.s.SaveService: Using SaveService properties file encoding UTF-8
2024-02-04 16:59:37,938 INFO o.a.j.s.SaveService: Loading file: \Users\sandeep\Desktop\JMeterFiles\ChatbotURLs.jmx
2024-02-04 16:59:38,014 INFO o.a.j.p.h.s.HTTPSamplerBase: Parser for text/html is org.apache.jmeter.protocol.http.parser.LagartoBasedHtmlParser
2024-02-04 16:59:38,014 INFO o.a.j.p.h.s.HTTPSamplerBase: Parser for application/xhtml+xml is org.apache.jmeter.protocol.http.parser.LagartoBasedHtmlParser
2024-02-04 16:59:38,014 INFO o.a.j.p.h.s.HTTPSamplerBase: Parser for application/xml is org.apache.jmeter.protocol.http.parser.LagartoBasedHtmlParser
2024-02-04 16:59:38,014 INFO o.a.j.p.h.s.HTTPSamplerBase: Parser for text/xml is org.apache.jmeter.protocol.http.parser.LagartoBasedHtmlParser
2024-02-04 16:59:38,014 INFO o.a.j.p.h.s.HTTPSamplerBase: Parser for text/vnd.wap.wml is org.apache.jmeter.protocol.http.parser.RegexpHTMLParser
2024-02-04 16:59:38,014 INFO o.a.j.p.h.s.HTTPSamplerBase: Parser for text/css is org.apache.jmeter.protocol.http.parser.CssParser
2024-02-04 16:59:38,036 INFO o.a.j.JMeter: Creating summariser <summary>
2024-02-04 16:59:38,053 INFO o.a.j.e.StandardJMeterEngine: Running the test!
2024-02-04 16:59:38,053 INFO o.a.j.s.SampleEvent: List of sample_variables: []
2024-02-04 16:59:38,053 INFO o.a.j.s.SampleEvent: List of sample_variables: []
2024-02-04 16:59:38,053 INFO o.a.j.e.u.CompoundVariable: Note: Function class names must contain the string: '.functions.'
2024-02-04 16:59:38,053 INFO o.a.j.e.u.CompoundVariable: Note: Function class names must not contain the string: '.gui.'
2024-02-04 16:59:38,200 INFO o.a.j.JMeter: Running test (1707046178200)
2024-02-04 16:59:38,234 INFO o.a.j.e.StandardJMeterEngine: Starting ThreadGroup: 1 : Thread Group
2024-02-04 16:59:38,234 INFO o.a.j.e.StandardJMeterEngine: Starting 1 threads for group Thread Group.
2024-02-04 16:59:38,234 INFO o.a.j.e.StandardJMeterEngine: Thread will continue on error
2024-02-04 16:59:38,234 INFO o.a.j.t.ThreadGroup: Starting thread group... number=1 threads=1 ramp-up=1 delayedStart=false
2024-02-04 16:59:38,236 INFO o.a.j.t.ThreadGroup: Started thread group number 1
2024-02-04 16:59:38,236 INFO o.a.j.e.StandardJMeterEngine: All thread groups have been started
2024-02-04 16:59:38,236 INFO o.a.j.t.JMeterThread: Thread started: Thread Group 1-1
2024-02-04 16:59:38,275 INFO o.a.j.p.h.s.HTTPHCAbstractImpl: Local host = LAPTOP-PIE37DUR
2024-02-04 16:59:38,292 INFO o.a.j.p.h.s.HTTPHC4Impl: HTTP request retry count = 0
2024-02-04 16:59:38,295 INFO o.a.j.s.SampleResult: Note: Sample TimeStamps are START times
2024-02-04 16:59:38,295 INFO o.a.j.s.SampleResult: sampleresult.default.encoding is set to ISO-8859-1
2024-02-04 16:59:38,295 INFO o.a.j.s.SampleResult: sampleresult.useNanoTime=true
2024-02-04 16:59:38,295 INFO o.a.j.s.SampleResult: sampleresult.nanoThreadSleep=5000
2024-02-04 16:59:40,368 INFO o.a.j.t.JMeterThread: Thread is done: Thread Group 1-1
2024-02-04 16:59:40,368 INFO o.a.j.t.JMeterThread: Thread finished: Thread Group 1-1
2024-02-04 16:59:40,368 INFO o.a.j.e.StandardJMeterEngine: Notifying test listeners of end of test
2024-02-04 16:59:40,368 INFO o.a.j.r.Summariser: summary =      3 in 00:00:02 =    1.4/s Avg:   661 Min:   323 Max:  1337 Err:     0 (0.00%)
